<?xml version="1.0" encoding="UTF-8"?>
<coverage generated="1585753799175" clover="3.2.0">
  <project timestamp="1585753799175" name="All files">
    <metrics statements="64" coveredstatements="43" conditionals="2" coveredconditionals="0" methods="40" coveredmethods="21" elements="106" coveredelements="64" complexity="0" loc="64" ncloc="64" packages="1" files="5" classes="5"/>
    <file name="controller.js" path="C:\Users\tbozon\Desktop\event-scheduler-jest\src\controller.js">
      <metrics statements="12" coveredstatements="12" conditionals="0" coveredconditionals="0" methods="6" coveredmethods="6"/>
      <line num="16" count="5" type="stmt"/>
      <line num="17" count="5" type="stmt"/>
      <line num="26" count="1" type="stmt"/>
      <line num="27" count="1" type="stmt"/>
      <line num="36" count="1" type="stmt"/>
      <line num="37" count="1" type="stmt"/>
      <line num="46" count="1" type="stmt"/>
      <line num="47" count="1" type="stmt"/>
      <line num="56" count="1" type="stmt"/>
      <line num="57" count="1" type="stmt"/>
      <line num="66" count="1" type="stmt"/>
      <line num="67" count="1" type="stmt"/>
    </file>
    <file name="models.js" path="C:\Users\tbozon\Desktop\event-scheduler-jest\src\models.js">
      <metrics statements="15" coveredstatements="8" conditionals="0" coveredconditionals="0" methods="11" coveredmethods="4"/>
      <line num="41" count="10" type="stmt"/>
      <line num="42" count="10" type="stmt"/>
      <line num="43" count="10" type="stmt"/>
      <line num="44" count="10" type="stmt"/>
      <line num="45" count="10" type="stmt"/>
      <line num="53" count="0" type="stmt"/>
      <line num="61" count="0" type="stmt"/>
      <line num="69" count="0" type="stmt"/>
      <line num="77" count="0" type="stmt"/>
      <line num="85" count="5" type="stmt"/>
      <line num="93" count="0" type="stmt"/>
      <line num="101" count="1" type="stmt"/>
      <line num="109" count="0" type="stmt"/>
      <line num="117" count="1" type="stmt"/>
      <line num="125" count="0" type="stmt"/>
    </file>
    <file name="repository.js" path="C:\Users\tbozon\Desktop\event-scheduler-jest\src\repository.js">
      <metrics statements="7" coveredstatements="0" conditionals="0" coveredconditionals="0" methods="6" coveredmethods="0"/>
      <line num="11" count="0" type="stmt"/>
      <line num="19" count="0" type="stmt"/>
      <line num="28" count="0" type="stmt"/>
      <line num="36" count="0" type="stmt"/>
      <line num="37" count="0" type="stmt"/>
      <line num="42" count="0" type="stmt"/>
      <line num="46" count="0" type="stmt"/>
    </file>
    <file name="serializer.js" path="C:\Users\tbozon\Desktop\event-scheduler-jest\src\serializer.js">
      <metrics statements="2" coveredstatements="1" conditionals="0" coveredconditionals="0" methods="2" coveredmethods="1"/>
      <line num="10" count="1" type="stmt"/>
      <line num="19" count="0" type="stmt"/>
    </file>
    <file name="services.js" path="C:\Users\tbozon\Desktop\event-scheduler-jest\src\services.js">
      <metrics statements="28" coveredstatements="22" conditionals="2" coveredconditionals="0" methods="15" coveredmethods="10"/>
      <line num="18" count="6" type="stmt"/>
      <line num="26" count="2" type="stmt"/>
      <line num="34" count="5" type="stmt"/>
      <line num="35" count="5" type="stmt"/>
      <line num="36" count="15" type="stmt"/>
      <line num="38" count="5" type="stmt"/>
      <line num="39" count="5" type="stmt"/>
      <line num="47" count="1" type="stmt"/>
      <line num="48" count="1" type="stmt"/>
      <line num="49" count="4" type="stmt"/>
      <line num="51" count="1" type="stmt"/>
      <line num="52" count="1" type="stmt"/>
      <line num="60" count="1" type="stmt"/>
      <line num="61" count="1" type="stmt"/>
      <line num="62" count="2" type="stmt"/>
      <line num="64" count="1" type="stmt"/>
      <line num="65" count="1" type="stmt"/>
      <line num="73" count="1" type="stmt"/>
      <line num="74" count="1" type="stmt"/>
      <line num="75" count="2" type="stmt"/>
      <line num="77" count="1" type="stmt"/>
      <line num="78" count="1" type="stmt"/>
      <line num="88" count="0" type="stmt"/>
      <line num="89" count="0" type="stmt"/>
      <line num="90" count="0" type="cond" truecount="0" falsecount="2"/>
      <line num="101" count="0" type="stmt"/>
      <line num="117" count="0" type="stmt"/>
      <line num="118" count="0" type="stmt"/>
    </file>
  </project>
</coverage>
